CRITICAL - 2023-12-27 12:24:08 --> Class 'App\Controllers\StudentModel' not found
in APPPATH/Controllers/Home.php on line 10.
 1 SYSTEMPATH/CodeIgniter.php(942): App\Controllers\Home->index()
 2 SYSTEMPATH/CodeIgniter.php(502): CodeIgniter\CodeIgniter->runController(Object(App\Controllers\Home))
 3 SYSTEMPATH/CodeIgniter.php(361): CodeIgniter\CodeIgniter->handleRequest(null, Object(Config\Cache), false)
 4 FCPATH/index.php(79): CodeIgniter\CodeIgniter->run()
CRITICAL - 2023-12-27 12:24:37 --> Class 'App\Controllers\StudentModel' not found
in APPPATH/Controllers/Home.php on line 10.
 1 SYSTEMPATH/CodeIgniter.php(942): App\Controllers\Home->index()
 2 SYSTEMPATH/CodeIgniter.php(502): CodeIgniter\CodeIgniter->runController(Object(App\Controllers\Home))
 3 SYSTEMPATH/CodeIgniter.php(361): CodeIgniter\CodeIgniter->handleRequest(null, Object(Config\Cache), false)
 4 FCPATH/index.php(79): CodeIgniter\CodeIgniter->run()
CRITICAL - 2023-12-27 12:30:05 --> Class 'App\Controllers\StudentModel' not found
in APPPATH/Controllers/Home.php on line 9.
 1 SYSTEMPATH/CodeIgniter.php(942): App\Controllers\Home->index()
 2 SYSTEMPATH/CodeIgniter.php(502): CodeIgniter\CodeIgniter->runController(Object(App\Controllers\Home))
 3 SYSTEMPATH/CodeIgniter.php(361): CodeIgniter\CodeIgniter->handleRequest(null, Object(Config\Cache), false)
 4 FCPATH/index.php(79): CodeIgniter\CodeIgniter->run()
CRITICAL - 2023-12-27 12:30:05 --> Class 'App\Controllers\StudentModel' not found
in APPPATH/Controllers/Home.php on line 9.
 1 SYSTEMPATH/CodeIgniter.php(942): App\Controllers\Home->index()
 2 SYSTEMPATH/CodeIgniter.php(502): CodeIgniter\CodeIgniter->runController(Object(App\Controllers\Home))
 3 SYSTEMPATH/CodeIgniter.php(361): CodeIgniter\CodeIgniter->handleRequest(null, Object(Config\Cache), false)
 4 FCPATH/index.php(79): CodeIgniter\CodeIgniter->run()
CRITICAL - 2023-12-27 12:30:06 --> Class 'App\Controllers\StudentModel' not found
in APPPATH/Controllers/Home.php on line 9.
 1 SYSTEMPATH/CodeIgniter.php(942): App\Controllers\Home->index()
 2 SYSTEMPATH/CodeIgniter.php(502): CodeIgniter\CodeIgniter->runController(Object(App\Controllers\Home))
 3 SYSTEMPATH/CodeIgniter.php(361): CodeIgniter\CodeIgniter->handleRequest(null, Object(Config\Cache), false)
 4 FCPATH/index.php(79): CodeIgniter\CodeIgniter->run()
CRITICAL - 2023-12-27 12:30:06 --> Class 'App\Controllers\StudentModel' not found
in APPPATH/Controllers/Home.php on line 9.
 1 SYSTEMPATH/CodeIgniter.php(942): App\Controllers\Home->index()
 2 SYSTEMPATH/CodeIgniter.php(502): CodeIgniter\CodeIgniter->runController(Object(App\Controllers\Home))
 3 SYSTEMPATH/CodeIgniter.php(361): CodeIgniter\CodeIgniter->handleRequest(null, Object(Config\Cache), false)
 4 FCPATH/index.php(79): CodeIgniter\CodeIgniter->run()
CRITICAL - 2023-12-27 12:30:06 --> Class 'App\Controllers\StudentModel' not found
in APPPATH/Controllers/Home.php on line 9.
 1 SYSTEMPATH/CodeIgniter.php(942): App\Controllers\Home->index()
 2 SYSTEMPATH/CodeIgniter.php(502): CodeIgniter\CodeIgniter->runController(Object(App\Controllers\Home))
 3 SYSTEMPATH/CodeIgniter.php(361): CodeIgniter\CodeIgniter->handleRequest(null, Object(Config\Cache), false)
 4 FCPATH/index.php(79): CodeIgniter\CodeIgniter->run()
CRITICAL - 2023-12-27 12:32:02 --> Class 'App\Controllers\StudentModel' not found
in APPPATH/Controllers/Home.php on line 9.
 1 SYSTEMPATH/CodeIgniter.php(942): App\Controllers\Home->index()
 2 SYSTEMPATH/CodeIgniter.php(502): CodeIgniter\CodeIgniter->runController(Object(App\Controllers\Home))
 3 SYSTEMPATH/CodeIgniter.php(361): CodeIgniter\CodeIgniter->handleRequest(null, Object(Config\Cache), false)
 4 FCPATH/index.php(79): CodeIgniter\CodeIgniter->run()
ERROR - 2023-12-27 12:33:08 --> Error connecting to the database: mysqli_sql_exception: No such file or directory in /var/www/html/system/Database/MySQLi/Connection.php:185
Stack trace:
#0 /var/www/html/system/Database/MySQLi/Connection.php(185): mysqli->real_connect('localhost', 'root', 'cod31gn1t3', 'codeigniter_db', 3306, '', 0)
#1 /var/www/html/system/Database/BaseConnection.php(392): CodeIgniter\Database\MySQLi\Connection->connect(false)
#2 /var/www/html/system/Database/BaseConnection.php(575): CodeIgniter\Database\BaseConnection->initialize()
#3 /var/www/html/system/Database/BaseBuilder.php(1615): CodeIgniter\Database\BaseConnection->query('SELECT *\nFROM `...', Array, false)
#4 /var/www/html/system/Model.php(237): CodeIgniter\Database\BaseBuilder->get()
#5 /var/www/html/system/BaseModel.php(624): CodeIgniter\Model->doFindAll(0, 0)
#6 /var/www/html/app/Controllers/Home.php(11): CodeIgniter\BaseModel->findAll()
#7 /var/www/html/system/CodeIgniter.php(942): App\Controllers\Home->index()
#8 /var/www/html/system/CodeIgniter.php(502): CodeIgniter\CodeIgniter->runController(Object(App\Controllers\Home))
#9 /var/www/html/system/CodeIgniter.php(361): CodeIgniter\CodeIgniter->handleRequest(NULL, Object(Config\Cache), false)
#10 /var/www/html/public/index.php(79): CodeIgniter\CodeIgniter->run()
#11 {main}

Next CodeIgniter\Database\Exceptions\DatabaseException: No such file or directory in /var/www/html/system/Database/MySQLi/Connection.php:229
Stack trace:
#0 /var/www/html/system/Database/BaseConnection.php(392): CodeIgniter\Database\MySQLi\Connection->connect(false)
#1 /var/www/html/system/Database/BaseConnection.php(575): CodeIgniter\Database\BaseConnection->initialize()
#2 /var/www/html/system/Database/BaseBuilder.php(1615): CodeIgniter\Database\BaseConnection->query('SELECT *\nFROM `...', Array, false)
#3 /var/www/html/system/Model.php(237): CodeIgniter\Database\BaseBuilder->get()
#4 /var/www/html/system/BaseModel.php(624): CodeIgniter\Model->doFindAll(0, 0)
#5 /var/www/html/app/Controllers/Home.php(11): CodeIgniter\BaseModel->findAll()
#6 /var/www/html/system/CodeIgniter.php(942): App\Controllers\Home->index()
#7 /var/www/html/system/CodeIgniter.php(502): CodeIgniter\CodeIgniter->runController(Object(App\Controllers\Home))
#8 /var/www/html/system/CodeIgniter.php(361): CodeIgniter\CodeIgniter->handleRequest(NULL, Object(Config\Cache), false)
#9 /var/www/html/public/index.php(79): CodeIgniter\CodeIgniter->run()
#10 {main}
CRITICAL - 2023-12-27 12:33:08 --> Unable to connect to the database.
Main connection [MySQLi]: No such file or directory
in SYSTEMPATH/Database/BaseConnection.php on line 428.
 1 SYSTEMPATH/Database/BaseConnection.php(575): CodeIgniter\Database\BaseConnection->initialize()
 2 SYSTEMPATH/Database/BaseBuilder.php(1615): CodeIgniter\Database\BaseConnection->query('SELECT *
FROM `student`', [], false)
 3 SYSTEMPATH/Model.php(237): CodeIgniter\Database\BaseBuilder->get()
 4 SYSTEMPATH/BaseModel.php(624): CodeIgniter\Model->doFindAll(0, 0)
 5 APPPATH/Controllers/Home.php(11): CodeIgniter\BaseModel->findAll()
 6 SYSTEMPATH/CodeIgniter.php(942): App\Controllers\Home->index()
 7 SYSTEMPATH/CodeIgniter.php(502): CodeIgniter\CodeIgniter->runController(Object(App\Controllers\Home))
 8 SYSTEMPATH/CodeIgniter.php(361): CodeIgniter\CodeIgniter->handleRequest(null, Object(Config\Cache), false)
 9 FCPATH/index.php(79): CodeIgniter\CodeIgniter->run()
ERROR - 2023-12-27 12:37:06 --> Error connecting to the database: mysqli_sql_exception: No such file or directory in /var/www/html/system/Database/MySQLi/Connection.php:185
Stack trace:
#0 /var/www/html/system/Database/MySQLi/Connection.php(185): mysqli->real_connect('localhost', 'root', 'cod31gn1t3', 'codeigniter_db2', 3306, '', 0)
#1 /var/www/html/system/Database/BaseConnection.php(392): CodeIgniter\Database\MySQLi\Connection->connect(false)
#2 /var/www/html/system/Database/BaseConnection.php(575): CodeIgniter\Database\BaseConnection->initialize()
#3 /var/www/html/system/Database/BaseBuilder.php(1615): CodeIgniter\Database\BaseConnection->query('SELECT *\nFROM `...', Array, false)
#4 /var/www/html/system/Model.php(237): CodeIgniter\Database\BaseBuilder->get()
#5 /var/www/html/system/BaseModel.php(624): CodeIgniter\Model->doFindAll(0, 0)
#6 /var/www/html/app/Controllers/Home.php(11): CodeIgniter\BaseModel->findAll()
#7 /var/www/html/system/CodeIgniter.php(942): App\Controllers\Home->index()
#8 /var/www/html/system/CodeIgniter.php(502): CodeIgniter\CodeIgniter->runController(Object(App\Controllers\Home))
#9 /var/www/html/system/CodeIgniter.php(361): CodeIgniter\CodeIgniter->handleRequest(NULL, Object(Config\Cache), false)
#10 /var/www/html/public/index.php(79): CodeIgniter\CodeIgniter->run()
#11 {main}

Next CodeIgniter\Database\Exceptions\DatabaseException: No such file or directory in /var/www/html/system/Database/MySQLi/Connection.php:229
Stack trace:
#0 /var/www/html/system/Database/BaseConnection.php(392): CodeIgniter\Database\MySQLi\Connection->connect(false)
#1 /var/www/html/system/Database/BaseConnection.php(575): CodeIgniter\Database\BaseConnection->initialize()
#2 /var/www/html/system/Database/BaseBuilder.php(1615): CodeIgniter\Database\BaseConnection->query('SELECT *\nFROM `...', Array, false)
#3 /var/www/html/system/Model.php(237): CodeIgniter\Database\BaseBuilder->get()
#4 /var/www/html/system/BaseModel.php(624): CodeIgniter\Model->doFindAll(0, 0)
#5 /var/www/html/app/Controllers/Home.php(11): CodeIgniter\BaseModel->findAll()
#6 /var/www/html/system/CodeIgniter.php(942): App\Controllers\Home->index()
#7 /var/www/html/system/CodeIgniter.php(502): CodeIgniter\CodeIgniter->runController(Object(App\Controllers\Home))
#8 /var/www/html/system/CodeIgniter.php(361): CodeIgniter\CodeIgniter->handleRequest(NULL, Object(Config\Cache), false)
#9 /var/www/html/public/index.php(79): CodeIgniter\CodeIgniter->run()
#10 {main}
CRITICAL - 2023-12-27 12:37:06 --> Unable to connect to the database.
Main connection [MySQLi]: No such file or directory
in SYSTEMPATH/Database/BaseConnection.php on line 428.
 1 SYSTEMPATH/Database/BaseConnection.php(575): CodeIgniter\Database\BaseConnection->initialize()
 2 SYSTEMPATH/Database/BaseBuilder.php(1615): CodeIgniter\Database\BaseConnection->query('SELECT *
FROM `student`', [], false)
 3 SYSTEMPATH/Model.php(237): CodeIgniter\Database\BaseBuilder->get()
 4 SYSTEMPATH/BaseModel.php(624): CodeIgniter\Model->doFindAll(0, 0)
 5 APPPATH/Controllers/Home.php(11): CodeIgniter\BaseModel->findAll()
 6 SYSTEMPATH/CodeIgniter.php(942): App\Controllers\Home->index()
 7 SYSTEMPATH/CodeIgniter.php(502): CodeIgniter\CodeIgniter->runController(Object(App\Controllers\Home))
 8 SYSTEMPATH/CodeIgniter.php(361): CodeIgniter\CodeIgniter->handleRequest(null, Object(Config\Cache), false)
 9 FCPATH/index.php(79): CodeIgniter\CodeIgniter->run()
ERROR - 2023-12-27 12:37:07 --> Error connecting to the database: mysqli_sql_exception: No such file or directory in /var/www/html/system/Database/MySQLi/Connection.php:185
Stack trace:
#0 /var/www/html/system/Database/MySQLi/Connection.php(185): mysqli->real_connect('localhost', 'root', 'cod31gn1t3', 'codeigniter_db2', 3306, '', 0)
#1 /var/www/html/system/Database/BaseConnection.php(392): CodeIgniter\Database\MySQLi\Connection->connect(false)
#2 /var/www/html/system/Database/BaseConnection.php(575): CodeIgniter\Database\BaseConnection->initialize()
#3 /var/www/html/system/Database/BaseBuilder.php(1615): CodeIgniter\Database\BaseConnection->query('SELECT *\nFROM `...', Array, false)
#4 /var/www/html/system/Model.php(237): CodeIgniter\Database\BaseBuilder->get()
#5 /var/www/html/system/BaseModel.php(624): CodeIgniter\Model->doFindAll(0, 0)
#6 /var/www/html/app/Controllers/Home.php(11): CodeIgniter\BaseModel->findAll()
#7 /var/www/html/system/CodeIgniter.php(942): App\Controllers\Home->index()
#8 /var/www/html/system/CodeIgniter.php(502): CodeIgniter\CodeIgniter->runController(Object(App\Controllers\Home))
#9 /var/www/html/system/CodeIgniter.php(361): CodeIgniter\CodeIgniter->handleRequest(NULL, Object(Config\Cache), false)
#10 /var/www/html/public/index.php(79): CodeIgniter\CodeIgniter->run()
#11 {main}

Next CodeIgniter\Database\Exceptions\DatabaseException: No such file or directory in /var/www/html/system/Database/MySQLi/Connection.php:229
Stack trace:
#0 /var/www/html/system/Database/BaseConnection.php(392): CodeIgniter\Database\MySQLi\Connection->connect(false)
#1 /var/www/html/system/Database/BaseConnection.php(575): CodeIgniter\Database\BaseConnection->initialize()
#2 /var/www/html/system/Database/BaseBuilder.php(1615): CodeIgniter\Database\BaseConnection->query('SELECT *\nFROM `...', Array, false)
#3 /var/www/html/system/Model.php(237): CodeIgniter\Database\BaseBuilder->get()
#4 /var/www/html/system/BaseModel.php(624): CodeIgniter\Model->doFindAll(0, 0)
#5 /var/www/html/app/Controllers/Home.php(11): CodeIgniter\BaseModel->findAll()
#6 /var/www/html/system/CodeIgniter.php(942): App\Controllers\Home->index()
#7 /var/www/html/system/CodeIgniter.php(502): CodeIgniter\CodeIgniter->runController(Object(App\Controllers\Home))
#8 /var/www/html/system/CodeIgniter.php(361): CodeIgniter\CodeIgniter->handleRequest(NULL, Object(Config\Cache), false)
#9 /var/www/html/public/index.php(79): CodeIgniter\CodeIgniter->run()
#10 {main}
CRITICAL - 2023-12-27 12:37:07 --> Unable to connect to the database.
Main connection [MySQLi]: No such file or directory
in SYSTEMPATH/Database/BaseConnection.php on line 428.
 1 SYSTEMPATH/Database/BaseConnection.php(575): CodeIgniter\Database\BaseConnection->initialize()
 2 SYSTEMPATH/Database/BaseBuilder.php(1615): CodeIgniter\Database\BaseConnection->query('SELECT *
FROM `student`', [], false)
 3 SYSTEMPATH/Model.php(237): CodeIgniter\Database\BaseBuilder->get()
 4 SYSTEMPATH/BaseModel.php(624): CodeIgniter\Model->doFindAll(0, 0)
 5 APPPATH/Controllers/Home.php(11): CodeIgniter\BaseModel->findAll()
 6 SYSTEMPATH/CodeIgniter.php(942): App\Controllers\Home->index()
 7 SYSTEMPATH/CodeIgniter.php(502): CodeIgniter\CodeIgniter->runController(Object(App\Controllers\Home))
 8 SYSTEMPATH/CodeIgniter.php(361): CodeIgniter\CodeIgniter->handleRequest(null, Object(Config\Cache), false)
 9 FCPATH/index.php(79): CodeIgniter\CodeIgniter->run()
ERROR - 2023-12-27 12:37:11 --> Error connecting to the database: mysqli_sql_exception: No such file or directory in /var/www/html/system/Database/MySQLi/Connection.php:185
Stack trace:
#0 /var/www/html/system/Database/MySQLi/Connection.php(185): mysqli->real_connect('localhost', 'root', 'cod31gn1t3', 'codeigniter_db', 3306, '', 0)
#1 /var/www/html/system/Database/BaseConnection.php(392): CodeIgniter\Database\MySQLi\Connection->connect(false)
#2 /var/www/html/system/Database/BaseConnection.php(575): CodeIgniter\Database\BaseConnection->initialize()
#3 /var/www/html/system/Database/BaseBuilder.php(1615): CodeIgniter\Database\BaseConnection->query('SELECT *\nFROM `...', Array, false)
#4 /var/www/html/system/Model.php(237): CodeIgniter\Database\BaseBuilder->get()
#5 /var/www/html/system/BaseModel.php(624): CodeIgniter\Model->doFindAll(0, 0)
#6 /var/www/html/app/Controllers/Home.php(11): CodeIgniter\BaseModel->findAll()
#7 /var/www/html/system/CodeIgniter.php(942): App\Controllers\Home->index()
#8 /var/www/html/system/CodeIgniter.php(502): CodeIgniter\CodeIgniter->runController(Object(App\Controllers\Home))
#9 /var/www/html/system/CodeIgniter.php(361): CodeIgniter\CodeIgniter->handleRequest(NULL, Object(Config\Cache), false)
#10 /var/www/html/public/index.php(79): CodeIgniter\CodeIgniter->run()
#11 {main}

Next CodeIgniter\Database\Exceptions\DatabaseException: No such file or directory in /var/www/html/system/Database/MySQLi/Connection.php:229
Stack trace:
#0 /var/www/html/system/Database/BaseConnection.php(392): CodeIgniter\Database\MySQLi\Connection->connect(false)
#1 /var/www/html/system/Database/BaseConnection.php(575): CodeIgniter\Database\BaseConnection->initialize()
#2 /var/www/html/system/Database/BaseBuilder.php(1615): CodeIgniter\Database\BaseConnection->query('SELECT *\nFROM `...', Array, false)
#3 /var/www/html/system/Model.php(237): CodeIgniter\Database\BaseBuilder->get()
#4 /var/www/html/system/BaseModel.php(624): CodeIgniter\Model->doFindAll(0, 0)
#5 /var/www/html/app/Controllers/Home.php(11): CodeIgniter\BaseModel->findAll()
#6 /var/www/html/system/CodeIgniter.php(942): App\Controllers\Home->index()
#7 /var/www/html/system/CodeIgniter.php(502): CodeIgniter\CodeIgniter->runController(Object(App\Controllers\Home))
#8 /var/www/html/system/CodeIgniter.php(361): CodeIgniter\CodeIgniter->handleRequest(NULL, Object(Config\Cache), false)
#9 /var/www/html/public/index.php(79): CodeIgniter\CodeIgniter->run()
#10 {main}
CRITICAL - 2023-12-27 12:37:11 --> Unable to connect to the database.
Main connection [MySQLi]: No such file or directory
in SYSTEMPATH/Database/BaseConnection.php on line 428.
 1 SYSTEMPATH/Database/BaseConnection.php(575): CodeIgniter\Database\BaseConnection->initialize()
 2 SYSTEMPATH/Database/BaseBuilder.php(1615): CodeIgniter\Database\BaseConnection->query('SELECT *
FROM `student`', [], false)
 3 SYSTEMPATH/Model.php(237): CodeIgniter\Database\BaseBuilder->get()
 4 SYSTEMPATH/BaseModel.php(624): CodeIgniter\Model->doFindAll(0, 0)
 5 APPPATH/Controllers/Home.php(11): CodeIgniter\BaseModel->findAll()
 6 SYSTEMPATH/CodeIgniter.php(942): App\Controllers\Home->index()
 7 SYSTEMPATH/CodeIgniter.php(502): CodeIgniter\CodeIgniter->runController(Object(App\Controllers\Home))
 8 SYSTEMPATH/CodeIgniter.php(361): CodeIgniter\CodeIgniter->handleRequest(null, Object(Config\Cache), false)
 9 FCPATH/index.php(79): CodeIgniter\CodeIgniter->run()
ERROR - 2023-12-27 12:38:42 --> Error connecting to the database: mysqli_sql_exception: No such file or directory in /var/www/html/system/Database/MySQLi/Connection.php:185
Stack trace:
#0 /var/www/html/system/Database/MySQLi/Connection.php(185): mysqli->real_connect('localhost', 'root', 'cod31gn1t3', 'codeigniter_db', 3306, '', 0)
#1 /var/www/html/system/Database/BaseConnection.php(392): CodeIgniter\Database\MySQLi\Connection->connect(false)
#2 /var/www/html/system/Database/BaseConnection.php(575): CodeIgniter\Database\BaseConnection->initialize()
#3 /var/www/html/system/Database/BaseBuilder.php(1615): CodeIgniter\Database\BaseConnection->query('SELECT *\nFROM `...', Array, false)
#4 /var/www/html/system/Model.php(237): CodeIgniter\Database\BaseBuilder->get()
#5 /var/www/html/system/BaseModel.php(624): CodeIgniter\Model->doFindAll(0, 0)
#6 /var/www/html/app/Controllers/Home.php(11): CodeIgniter\BaseModel->findAll()
#7 /var/www/html/system/CodeIgniter.php(942): App\Controllers\Home->index()
#8 /var/www/html/system/CodeIgniter.php(502): CodeIgniter\CodeIgniter->runController(Object(App\Controllers\Home))
#9 /var/www/html/system/CodeIgniter.php(361): CodeIgniter\CodeIgniter->handleRequest(NULL, Object(Config\Cache), false)
#10 /var/www/html/public/index.php(79): CodeIgniter\CodeIgniter->run()
#11 {main}

Next CodeIgniter\Database\Exceptions\DatabaseException: No such file or directory in /var/www/html/system/Database/MySQLi/Connection.php:229
Stack trace:
#0 /var/www/html/system/Database/BaseConnection.php(392): CodeIgniter\Database\MySQLi\Connection->connect(false)
#1 /var/www/html/system/Database/BaseConnection.php(575): CodeIgniter\Database\BaseConnection->initialize()
#2 /var/www/html/system/Database/BaseBuilder.php(1615): CodeIgniter\Database\BaseConnection->query('SELECT *\nFROM `...', Array, false)
#3 /var/www/html/system/Model.php(237): CodeIgniter\Database\BaseBuilder->get()
#4 /var/www/html/system/BaseModel.php(624): CodeIgniter\Model->doFindAll(0, 0)
#5 /var/www/html/app/Controllers/Home.php(11): CodeIgniter\BaseModel->findAll()
#6 /var/www/html/system/CodeIgniter.php(942): App\Controllers\Home->index()
#7 /var/www/html/system/CodeIgniter.php(502): CodeIgniter\CodeIgniter->runController(Object(App\Controllers\Home))
#8 /var/www/html/system/CodeIgniter.php(361): CodeIgniter\CodeIgniter->handleRequest(NULL, Object(Config\Cache), false)
#9 /var/www/html/public/index.php(79): CodeIgniter\CodeIgniter->run()
#10 {main}
CRITICAL - 2023-12-27 12:38:42 --> Unable to connect to the database.
Main connection [MySQLi]: No such file or directory
in SYSTEMPATH/Database/BaseConnection.php on line 428.
 1 SYSTEMPATH/Database/BaseConnection.php(575): CodeIgniter\Database\BaseConnection->initialize()
 2 SYSTEMPATH/Database/BaseBuilder.php(1615): CodeIgniter\Database\BaseConnection->query('SELECT *
FROM `student`', [], false)
 3 SYSTEMPATH/Model.php(237): CodeIgniter\Database\BaseBuilder->get()
 4 SYSTEMPATH/BaseModel.php(624): CodeIgniter\Model->doFindAll(0, 0)
 5 APPPATH/Controllers/Home.php(11): CodeIgniter\BaseModel->findAll()
 6 SYSTEMPATH/CodeIgniter.php(942): App\Controllers\Home->index()
 7 SYSTEMPATH/CodeIgniter.php(502): CodeIgniter\CodeIgniter->runController(Object(App\Controllers\Home))
 8 SYSTEMPATH/CodeIgniter.php(361): CodeIgniter\CodeIgniter->handleRequest(null, Object(Config\Cache), false)
 9 FCPATH/index.php(79): CodeIgniter\CodeIgniter->run()
ERROR - 2023-12-27 12:38:43 --> Error connecting to the database: mysqli_sql_exception: No such file or directory in /var/www/html/system/Database/MySQLi/Connection.php:185
Stack trace:
#0 /var/www/html/system/Database/MySQLi/Connection.php(185): mysqli->real_connect('localhost', 'root', 'cod31gn1t3', 'codeigniter_db', 3306, '', 0)
#1 /var/www/html/system/Database/BaseConnection.php(392): CodeIgniter\Database\MySQLi\Connection->connect(false)
#2 /var/www/html/system/Database/BaseConnection.php(575): CodeIgniter\Database\BaseConnection->initialize()
#3 /var/www/html/system/Database/BaseBuilder.php(1615): CodeIgniter\Database\BaseConnection->query('SELECT *\nFROM `...', Array, false)
#4 /var/www/html/system/Model.php(237): CodeIgniter\Database\BaseBuilder->get()
#5 /var/www/html/system/BaseModel.php(624): CodeIgniter\Model->doFindAll(0, 0)
#6 /var/www/html/app/Controllers/Home.php(11): CodeIgniter\BaseModel->findAll()
#7 /var/www/html/system/CodeIgniter.php(942): App\Controllers\Home->index()
#8 /var/www/html/system/CodeIgniter.php(502): CodeIgniter\CodeIgniter->runController(Object(App\Controllers\Home))
#9 /var/www/html/system/CodeIgniter.php(361): CodeIgniter\CodeIgniter->handleRequest(NULL, Object(Config\Cache), false)
#10 /var/www/html/public/index.php(79): CodeIgniter\CodeIgniter->run()
#11 {main}

Next CodeIgniter\Database\Exceptions\DatabaseException: No such file or directory in /var/www/html/system/Database/MySQLi/Connection.php:229
Stack trace:
#0 /var/www/html/system/Database/BaseConnection.php(392): CodeIgniter\Database\MySQLi\Connection->connect(false)
#1 /var/www/html/system/Database/BaseConnection.php(575): CodeIgniter\Database\BaseConnection->initialize()
#2 /var/www/html/system/Database/BaseBuilder.php(1615): CodeIgniter\Database\BaseConnection->query('SELECT *\nFROM `...', Array, false)
#3 /var/www/html/system/Model.php(237): CodeIgniter\Database\BaseBuilder->get()
#4 /var/www/html/system/BaseModel.php(624): CodeIgniter\Model->doFindAll(0, 0)
#5 /var/www/html/app/Controllers/Home.php(11): CodeIgniter\BaseModel->findAll()
#6 /var/www/html/system/CodeIgniter.php(942): App\Controllers\Home->index()
#7 /var/www/html/system/CodeIgniter.php(502): CodeIgniter\CodeIgniter->runController(Object(App\Controllers\Home))
#8 /var/www/html/system/CodeIgniter.php(361): CodeIgniter\CodeIgniter->handleRequest(NULL, Object(Config\Cache), false)
#9 /var/www/html/public/index.php(79): CodeIgniter\CodeIgniter->run()
#10 {main}
CRITICAL - 2023-12-27 12:38:43 --> Unable to connect to the database.
Main connection [MySQLi]: No such file or directory
in SYSTEMPATH/Database/BaseConnection.php on line 428.
 1 SYSTEMPATH/Database/BaseConnection.php(575): CodeIgniter\Database\BaseConnection->initialize()
 2 SYSTEMPATH/Database/BaseBuilder.php(1615): CodeIgniter\Database\BaseConnection->query('SELECT *
FROM `student`', [], false)
 3 SYSTEMPATH/Model.php(237): CodeIgniter\Database\BaseBuilder->get()
 4 SYSTEMPATH/BaseModel.php(624): CodeIgniter\Model->doFindAll(0, 0)
 5 APPPATH/Controllers/Home.php(11): CodeIgniter\BaseModel->findAll()
 6 SYSTEMPATH/CodeIgniter.php(942): App\Controllers\Home->index()
 7 SYSTEMPATH/CodeIgniter.php(502): CodeIgniter\CodeIgniter->runController(Object(App\Controllers\Home))
 8 SYSTEMPATH/CodeIgniter.php(361): CodeIgniter\CodeIgniter->handleRequest(null, Object(Config\Cache), false)
 9 FCPATH/index.php(79): CodeIgniter\CodeIgniter->run()
ERROR - 2023-12-27 12:39:25 --> Error connecting to the database: mysqli_sql_exception: No such file or directory in /var/www/html/system/Database/MySQLi/Connection.php:185
Stack trace:
#0 /var/www/html/system/Database/MySQLi/Connection.php(185): mysqli->real_connect('localhost', 'root', 'cod31gn1t3', 'codeigniter_db', 3306, '', 0)
#1 /var/www/html/system/Database/BaseConnection.php(392): CodeIgniter\Database\MySQLi\Connection->connect(false)
#2 /var/www/html/system/Database/BaseConnection.php(575): CodeIgniter\Database\BaseConnection->initialize()
#3 /var/www/html/system/Database/BaseBuilder.php(1615): CodeIgniter\Database\BaseConnection->query('SELECT *\nFROM `...', Array, false)
#4 /var/www/html/system/Model.php(237): CodeIgniter\Database\BaseBuilder->get()
#5 /var/www/html/system/BaseModel.php(624): CodeIgniter\Model->doFindAll(0, 0)
#6 /var/www/html/app/Controllers/Home.php(11): CodeIgniter\BaseModel->findAll()
#7 /var/www/html/system/CodeIgniter.php(942): App\Controllers\Home->index()
#8 /var/www/html/system/CodeIgniter.php(502): CodeIgniter\CodeIgniter->runController(Object(App\Controllers\Home))
#9 /var/www/html/system/CodeIgniter.php(361): CodeIgniter\CodeIgniter->handleRequest(NULL, Object(Config\Cache), false)
#10 /var/www/html/public/index.php(79): CodeIgniter\CodeIgniter->run()
#11 {main}

Next CodeIgniter\Database\Exceptions\DatabaseException: No such file or directory in /var/www/html/system/Database/MySQLi/Connection.php:229
Stack trace:
#0 /var/www/html/system/Database/BaseConnection.php(392): CodeIgniter\Database\MySQLi\Connection->connect(false)
#1 /var/www/html/system/Database/BaseConnection.php(575): CodeIgniter\Database\BaseConnection->initialize()
#2 /var/www/html/system/Database/BaseBuilder.php(1615): CodeIgniter\Database\BaseConnection->query('SELECT *\nFROM `...', Array, false)
#3 /var/www/html/system/Model.php(237): CodeIgniter\Database\BaseBuilder->get()
#4 /var/www/html/system/BaseModel.php(624): CodeIgniter\Model->doFindAll(0, 0)
#5 /var/www/html/app/Controllers/Home.php(11): CodeIgniter\BaseModel->findAll()
#6 /var/www/html/system/CodeIgniter.php(942): App\Controllers\Home->index()
#7 /var/www/html/system/CodeIgniter.php(502): CodeIgniter\CodeIgniter->runController(Object(App\Controllers\Home))
#8 /var/www/html/system/CodeIgniter.php(361): CodeIgniter\CodeIgniter->handleRequest(NULL, Object(Config\Cache), false)
#9 /var/www/html/public/index.php(79): CodeIgniter\CodeIgniter->run()
#10 {main}
CRITICAL - 2023-12-27 12:39:25 --> Unable to connect to the database.
Main connection [MySQLi]: No such file or directory
in SYSTEMPATH/Database/BaseConnection.php on line 428.
 1 SYSTEMPATH/Database/BaseConnection.php(575): CodeIgniter\Database\BaseConnection->initialize()
 2 SYSTEMPATH/Database/BaseBuilder.php(1615): CodeIgniter\Database\BaseConnection->query('SELECT *
FROM `student`', [], false)
 3 SYSTEMPATH/Model.php(237): CodeIgniter\Database\BaseBuilder->get()
 4 SYSTEMPATH/BaseModel.php(624): CodeIgniter\Model->doFindAll(0, 0)
 5 APPPATH/Controllers/Home.php(11): CodeIgniter\BaseModel->findAll()
 6 SYSTEMPATH/CodeIgniter.php(942): App\Controllers\Home->index()
 7 SYSTEMPATH/CodeIgniter.php(502): CodeIgniter\CodeIgniter->runController(Object(App\Controllers\Home))
 8 SYSTEMPATH/CodeIgniter.php(361): CodeIgniter\CodeIgniter->handleRequest(null, Object(Config\Cache), false)
 9 FCPATH/index.php(79): CodeIgniter\CodeIgniter->run()
ERROR - 2023-12-27 12:42:44 --> Error connecting to the database: mysqli_sql_exception: No such file or directory in /var/www/html/system/Database/MySQLi/Connection.php:185
Stack trace:
#0 /var/www/html/system/Database/MySQLi/Connection.php(185): mysqli->real_connect('localhost', 'root', 'cod31gn1t3', 'codeigniter_db', 3306, '', 0)
#1 /var/www/html/system/Database/BaseConnection.php(392): CodeIgniter\Database\MySQLi\Connection->connect(false)
#2 /var/www/html/system/Database/BaseConnection.php(575): CodeIgniter\Database\BaseConnection->initialize()
#3 /var/www/html/system/Database/BaseBuilder.php(1615): CodeIgniter\Database\BaseConnection->query('SELECT *\nFROM `...', Array, false)
#4 /var/www/html/system/Model.php(237): CodeIgniter\Database\BaseBuilder->get()
#5 /var/www/html/system/BaseModel.php(624): CodeIgniter\Model->doFindAll(0, 0)
#6 /var/www/html/app/Controllers/Home.php(11): CodeIgniter\BaseModel->findAll()
#7 /var/www/html/system/CodeIgniter.php(942): App\Controllers\Home->index()
#8 /var/www/html/system/CodeIgniter.php(502): CodeIgniter\CodeIgniter->runController(Object(App\Controllers\Home))
#9 /var/www/html/system/CodeIgniter.php(361): CodeIgniter\CodeIgniter->handleRequest(NULL, Object(Config\Cache), false)
#10 /var/www/html/public/index.php(79): CodeIgniter\CodeIgniter->run()
#11 {main}

Next CodeIgniter\Database\Exceptions\DatabaseException: No such file or directory in /var/www/html/system/Database/MySQLi/Connection.php:229
Stack trace:
#0 /var/www/html/system/Database/BaseConnection.php(392): CodeIgniter\Database\MySQLi\Connection->connect(false)
#1 /var/www/html/system/Database/BaseConnection.php(575): CodeIgniter\Database\BaseConnection->initialize()
#2 /var/www/html/system/Database/BaseBuilder.php(1615): CodeIgniter\Database\BaseConnection->query('SELECT *\nFROM `...', Array, false)
#3 /var/www/html/system/Model.php(237): CodeIgniter\Database\BaseBuilder->get()
#4 /var/www/html/system/BaseModel.php(624): CodeIgniter\Model->doFindAll(0, 0)
#5 /var/www/html/app/Controllers/Home.php(11): CodeIgniter\BaseModel->findAll()
#6 /var/www/html/system/CodeIgniter.php(942): App\Controllers\Home->index()
#7 /var/www/html/system/CodeIgniter.php(502): CodeIgniter\CodeIgniter->runController(Object(App\Controllers\Home))
#8 /var/www/html/system/CodeIgniter.php(361): CodeIgniter\CodeIgniter->handleRequest(NULL, Object(Config\Cache), false)
#9 /var/www/html/public/index.php(79): CodeIgniter\CodeIgniter->run()
#10 {main}
CRITICAL - 2023-12-27 12:42:44 --> Unable to connect to the database.
Main connection [MySQLi]: No such file or directory
in SYSTEMPATH/Database/BaseConnection.php on line 428.
 1 SYSTEMPATH/Database/BaseConnection.php(575): CodeIgniter\Database\BaseConnection->initialize()
 2 SYSTEMPATH/Database/BaseBuilder.php(1615): CodeIgniter\Database\BaseConnection->query('SELECT *
FROM `student`', [], false)
 3 SYSTEMPATH/Model.php(237): CodeIgniter\Database\BaseBuilder->get()
 4 SYSTEMPATH/BaseModel.php(624): CodeIgniter\Model->doFindAll(0, 0)
 5 APPPATH/Controllers/Home.php(11): CodeIgniter\BaseModel->findAll()
 6 SYSTEMPATH/CodeIgniter.php(942): App\Controllers\Home->index()
 7 SYSTEMPATH/CodeIgniter.php(502): CodeIgniter\CodeIgniter->runController(Object(App\Controllers\Home))
 8 SYSTEMPATH/CodeIgniter.php(361): CodeIgniter\CodeIgniter->handleRequest(null, Object(Config\Cache), false)
 9 FCPATH/index.php(79): CodeIgniter\CodeIgniter->run()
ERROR - 2023-12-27 12:48:32 --> Error connecting to the database: mysqli_sql_exception: No such file or directory in /var/www/html/system/Database/MySQLi/Connection.php:185
Stack trace:
#0 /var/www/html/system/Database/MySQLi/Connection.php(185): mysqli->real_connect('localhost', 'root', 'cod31gn1t3', 'codeigniter_db', 3306, '', 0)
#1 /var/www/html/system/Database/BaseConnection.php(392): CodeIgniter\Database\MySQLi\Connection->connect(false)
#2 /var/www/html/system/Database/BaseConnection.php(575): CodeIgniter\Database\BaseConnection->initialize()
#3 /var/www/html/app/Controllers/Home.php(14): CodeIgniter\Database\BaseConnection->query('select * from s...')
#4 /var/www/html/system/CodeIgniter.php(942): App\Controllers\Home->index()
#5 /var/www/html/system/CodeIgniter.php(502): CodeIgniter\CodeIgniter->runController(Object(App\Controllers\Home))
#6 /var/www/html/system/CodeIgniter.php(361): CodeIgniter\CodeIgniter->handleRequest(NULL, Object(Config\Cache), false)
#7 /var/www/html/public/index.php(79): CodeIgniter\CodeIgniter->run()
#8 {main}

Next CodeIgniter\Database\Exceptions\DatabaseException: No such file or directory in /var/www/html/system/Database/MySQLi/Connection.php:229
Stack trace:
#0 /var/www/html/system/Database/BaseConnection.php(392): CodeIgniter\Database\MySQLi\Connection->connect(false)
#1 /var/www/html/system/Database/BaseConnection.php(575): CodeIgniter\Database\BaseConnection->initialize()
#2 /var/www/html/app/Controllers/Home.php(14): CodeIgniter\Database\BaseConnection->query('select * from s...')
#3 /var/www/html/system/CodeIgniter.php(942): App\Controllers\Home->index()
#4 /var/www/html/system/CodeIgniter.php(502): CodeIgniter\CodeIgniter->runController(Object(App\Controllers\Home))
#5 /var/www/html/system/CodeIgniter.php(361): CodeIgniter\CodeIgniter->handleRequest(NULL, Object(Config\Cache), false)
#6 /var/www/html/public/index.php(79): CodeIgniter\CodeIgniter->run()
#7 {main}
CRITICAL - 2023-12-27 12:48:32 --> Unable to connect to the database.
Main connection [MySQLi]: No such file or directory
in SYSTEMPATH/Database/BaseConnection.php on line 428.
 1 SYSTEMPATH/Database/BaseConnection.php(575): CodeIgniter\Database\BaseConnection->initialize()
 2 APPPATH/Controllers/Home.php(14): CodeIgniter\Database\BaseConnection->query('select * from student')
 3 SYSTEMPATH/CodeIgniter.php(942): App\Controllers\Home->index()
 4 SYSTEMPATH/CodeIgniter.php(502): CodeIgniter\CodeIgniter->runController(Object(App\Controllers\Home))
 5 SYSTEMPATH/CodeIgniter.php(361): CodeIgniter\CodeIgniter->handleRequest(null, Object(Config\Cache), false)
 6 FCPATH/index.php(79): CodeIgniter\CodeIgniter->run()
CRITICAL - 2023-12-27 12:50:16 --> No such file or directory
in SYSTEMPATH/Database/MySQLi/Connection.php on line 229.
 1 APPPATH/Controllers/Home.php(17): CodeIgniter\Database\MySQLi\Connection->connect()
 2 SYSTEMPATH/CodeIgniter.php(942): App\Controllers\Home->index()
 3 SYSTEMPATH/CodeIgniter.php(502): CodeIgniter\CodeIgniter->runController(Object(App\Controllers\Home))
 4 SYSTEMPATH/CodeIgniter.php(361): CodeIgniter\CodeIgniter->handleRequest(null, Object(Config\Cache), false)
 5 FCPATH/index.php(79): CodeIgniter\CodeIgniter->run()
CRITICAL - 2023-12-27 12:51:05 --> No such file or directory
in SYSTEMPATH/Database/MySQLi/Connection.php on line 229.
 1 APPPATH/Controllers/Home.php(17): CodeIgniter\Database\MySQLi\Connection->connect()
 2 SYSTEMPATH/CodeIgniter.php(942): App\Controllers\Home->index()
 3 SYSTEMPATH/CodeIgniter.php(502): CodeIgniter\CodeIgniter->runController(Object(App\Controllers\Home))
 4 SYSTEMPATH/CodeIgniter.php(361): CodeIgniter\CodeIgniter->handleRequest(null, Object(Config\Cache), false)
 5 FCPATH/index.php(79): CodeIgniter\CodeIgniter->run()
CRITICAL - 2023-12-27 12:51:06 --> No such file or directory
in SYSTEMPATH/Database/MySQLi/Connection.php on line 229.
 1 APPPATH/Controllers/Home.php(17): CodeIgniter\Database\MySQLi\Connection->connect()
 2 SYSTEMPATH/CodeIgniter.php(942): App\Controllers\Home->index()
 3 SYSTEMPATH/CodeIgniter.php(502): CodeIgniter\CodeIgniter->runController(Object(App\Controllers\Home))
 4 SYSTEMPATH/CodeIgniter.php(361): CodeIgniter\CodeIgniter->handleRequest(null, Object(Config\Cache), false)
 5 FCPATH/index.php(79): CodeIgniter\CodeIgniter->run()
CRITICAL - 2023-12-27 12:54:34 --> No such file or directory
in SYSTEMPATH/Database/MySQLi/Connection.php on line 229.
 1 APPPATH/Controllers/Home.php(17): CodeIgniter\Database\MySQLi\Connection->connect()
 2 SYSTEMPATH/CodeIgniter.php(942): App\Controllers\Home->index()
 3 SYSTEMPATH/CodeIgniter.php(502): CodeIgniter\CodeIgniter->runController(Object(App\Controllers\Home))
 4 SYSTEMPATH/CodeIgniter.php(361): CodeIgniter\CodeIgniter->handleRequest(null, Object(Config\Cache), false)
 5 FCPATH/index.php(79): CodeIgniter\CodeIgniter->run()
CRITICAL - 2023-12-27 12:54:40 --> No such file or directory
in SYSTEMPATH/Database/MySQLi/Connection.php on line 229.
 1 APPPATH/Controllers/Home.php(17): CodeIgniter\Database\MySQLi\Connection->connect()
 2 SYSTEMPATH/CodeIgniter.php(942): App\Controllers\Home->index()
 3 SYSTEMPATH/CodeIgniter.php(502): CodeIgniter\CodeIgniter->runController(Object(App\Controllers\Home))
 4 SYSTEMPATH/CodeIgniter.php(361): CodeIgniter\CodeIgniter->handleRequest(null, Object(Config\Cache), false)
 5 FCPATH/index.php(79): CodeIgniter\CodeIgniter->run()
ERROR - 2023-12-27 12:54:57 --> Error connecting to the database: mysqli_sql_exception: No such file or directory in /var/www/html/system/Database/MySQLi/Connection.php:185
Stack trace:
#0 /var/www/html/system/Database/MySQLi/Connection.php(185): mysqli->real_connect('localhost', 'root', 'cod31gn1t3', 'codeigniter_db', 3306, '', 0)
#1 /var/www/html/system/Database/BaseConnection.php(392): CodeIgniter\Database\MySQLi\Connection->connect(false)
#2 /var/www/html/system/Database/BaseConnection.php(575): CodeIgniter\Database\BaseConnection->initialize()
#3 /var/www/html/system/Database/BaseBuilder.php(1615): CodeIgniter\Database\BaseConnection->query('SELECT *\nFROM `...', Array, false)
#4 /var/www/html/system/Model.php(237): CodeIgniter\Database\BaseBuilder->get()
#5 /var/www/html/system/BaseModel.php(624): CodeIgniter\Model->doFindAll(0, 0)
#6 /var/www/html/app/Controllers/Home.php(11): CodeIgniter\BaseModel->findAll()
#7 /var/www/html/system/CodeIgniter.php(942): App\Controllers\Home->index()
#8 /var/www/html/system/CodeIgniter.php(502): CodeIgniter\CodeIgniter->runController(Object(App\Controllers\Home))
#9 /var/www/html/system/CodeIgniter.php(361): CodeIgniter\CodeIgniter->handleRequest(NULL, Object(Config\Cache), false)
#10 /var/www/html/public/index.php(79): CodeIgniter\CodeIgniter->run()
#11 {main}

Next CodeIgniter\Database\Exceptions\DatabaseException: No such file or directory in /var/www/html/system/Database/MySQLi/Connection.php:229
Stack trace:
#0 /var/www/html/system/Database/BaseConnection.php(392): CodeIgniter\Database\MySQLi\Connection->connect(false)
#1 /var/www/html/system/Database/BaseConnection.php(575): CodeIgniter\Database\BaseConnection->initialize()
#2 /var/www/html/system/Database/BaseBuilder.php(1615): CodeIgniter\Database\BaseConnection->query('SELECT *\nFROM `...', Array, false)
#3 /var/www/html/system/Model.php(237): CodeIgniter\Database\BaseBuilder->get()
#4 /var/www/html/system/BaseModel.php(624): CodeIgniter\Model->doFindAll(0, 0)
#5 /var/www/html/app/Controllers/Home.php(11): CodeIgniter\BaseModel->findAll()
#6 /var/www/html/system/CodeIgniter.php(942): App\Controllers\Home->index()
#7 /var/www/html/system/CodeIgniter.php(502): CodeIgniter\CodeIgniter->runController(Object(App\Controllers\Home))
#8 /var/www/html/system/CodeIgniter.php(361): CodeIgniter\CodeIgniter->handleRequest(NULL, Object(Config\Cache), false)
#9 /var/www/html/public/index.php(79): CodeIgniter\CodeIgniter->run()
#10 {main}
CRITICAL - 2023-12-27 12:54:57 --> Unable to connect to the database.
Main connection [MySQLi]: No such file or directory
in SYSTEMPATH/Database/BaseConnection.php on line 428.
 1 SYSTEMPATH/Database/BaseConnection.php(575): CodeIgniter\Database\BaseConnection->initialize()
 2 SYSTEMPATH/Database/BaseBuilder.php(1615): CodeIgniter\Database\BaseConnection->query('SELECT *
FROM `student`', [], false)
 3 SYSTEMPATH/Model.php(237): CodeIgniter\Database\BaseBuilder->get()
 4 SYSTEMPATH/BaseModel.php(624): CodeIgniter\Model->doFindAll(0, 0)
 5 APPPATH/Controllers/Home.php(11): CodeIgniter\BaseModel->findAll()
 6 SYSTEMPATH/CodeIgniter.php(942): App\Controllers\Home->index()
 7 SYSTEMPATH/CodeIgniter.php(502): CodeIgniter\CodeIgniter->runController(Object(App\Controllers\Home))
 8 SYSTEMPATH/CodeIgniter.php(361): CodeIgniter\CodeIgniter->handleRequest(null, Object(Config\Cache), false)
 9 FCPATH/index.php(79): CodeIgniter\CodeIgniter->run()
CRITICAL - 2023-12-27 13:00:01 --> Return value of App\Controllers\Home::index() must be of the type string, none returned
in APPPATH/Controllers/Home.php on line 19.
 1 SYSTEMPATH/CodeIgniter.php(942): App\Controllers\Home->index()
 2 SYSTEMPATH/CodeIgniter.php(502): CodeIgniter\CodeIgniter->runController(Object(App\Controllers\Home))
 3 SYSTEMPATH/CodeIgniter.php(361): CodeIgniter\CodeIgniter->handleRequest(null, Object(Config\Cache), false)
 4 FCPATH/index.php(79): CodeIgniter\CodeIgniter->run()
CRITICAL - 2023-12-27 13:00:59 --> No such file or directory
in SYSTEMPATH/Database/MySQLi/Connection.php on line 229.
 1 APPPATH/Controllers/Home.php(17): CodeIgniter\Database\MySQLi\Connection->connect()
 2 SYSTEMPATH/CodeIgniter.php(942): App\Controllers\Home->index()
 3 SYSTEMPATH/CodeIgniter.php(502): CodeIgniter\CodeIgniter->runController(Object(App\Controllers\Home))
 4 SYSTEMPATH/CodeIgniter.php(361): CodeIgniter\CodeIgniter->handleRequest(null, Object(Config\Cache), false)
 5 FCPATH/index.php(79): CodeIgniter\CodeIgniter->run()
ERROR - 2023-12-27 13:01:57 --> Error connecting to the database: mysqli_sql_exception: No such file or directory in /var/www/html/system/Database/MySQLi/Connection.php:185
Stack trace:
#0 /var/www/html/system/Database/MySQLi/Connection.php(185): mysqli->real_connect('localhost', 'root', 'cod31gn1t3', 'codeigniter_db', 3306, '', 0)
#1 /var/www/html/system/Database/BaseConnection.php(392): CodeIgniter\Database\MySQLi\Connection->connect(false)
#2 /var/www/html/system/Database/BaseConnection.php(575): CodeIgniter\Database\BaseConnection->initialize()
#3 /var/www/html/app/Controllers/Home.php(17): CodeIgniter\Database\BaseConnection->query('select * from s...')
#4 /var/www/html/system/CodeIgniter.php(942): App\Controllers\Home->index()
#5 /var/www/html/system/CodeIgniter.php(502): CodeIgniter\CodeIgniter->runController(Object(App\Controllers\Home))
#6 /var/www/html/system/CodeIgniter.php(361): CodeIgniter\CodeIgniter->handleRequest(NULL, Object(Config\Cache), false)
#7 /var/www/html/public/index.php(79): CodeIgniter\CodeIgniter->run()
#8 {main}

Next CodeIgniter\Database\Exceptions\DatabaseException: No such file or directory in /var/www/html/system/Database/MySQLi/Connection.php:229
Stack trace:
#0 /var/www/html/system/Database/BaseConnection.php(392): CodeIgniter\Database\MySQLi\Connection->connect(false)
#1 /var/www/html/system/Database/BaseConnection.php(575): CodeIgniter\Database\BaseConnection->initialize()
#2 /var/www/html/app/Controllers/Home.php(17): CodeIgniter\Database\BaseConnection->query('select * from s...')
#3 /var/www/html/system/CodeIgniter.php(942): App\Controllers\Home->index()
#4 /var/www/html/system/CodeIgniter.php(502): CodeIgniter\CodeIgniter->runController(Object(App\Controllers\Home))
#5 /var/www/html/system/CodeIgniter.php(361): CodeIgniter\CodeIgniter->handleRequest(NULL, Object(Config\Cache), false)
#6 /var/www/html/public/index.php(79): CodeIgniter\CodeIgniter->run()
#7 {main}
CRITICAL - 2023-12-27 13:01:57 --> Unable to connect to the database.
Main connection [MySQLi]: No such file or directory
in SYSTEMPATH/Database/BaseConnection.php on line 428.
 1 SYSTEMPATH/Database/BaseConnection.php(575): CodeIgniter\Database\BaseConnection->initialize()
 2 APPPATH/Controllers/Home.php(17): CodeIgniter\Database\BaseConnection->query('select * from student')
 3 SYSTEMPATH/CodeIgniter.php(942): App\Controllers\Home->index()
 4 SYSTEMPATH/CodeIgniter.php(502): CodeIgniter\CodeIgniter->runController(Object(App\Controllers\Home))
 5 SYSTEMPATH/CodeIgniter.php(361): CodeIgniter\CodeIgniter->handleRequest(null, Object(Config\Cache), false)
 6 FCPATH/index.php(79): CodeIgniter\CodeIgniter->run()
ERROR - 2023-12-27 13:02:44 --> Error connecting to the database: mysqli_sql_exception: No such file or directory in /var/www/html/system/Database/MySQLi/Connection.php:185
Stack trace:
#0 /var/www/html/system/Database/MySQLi/Connection.php(185): mysqli->real_connect('localhost', 'root', 'cod31gn1t3', 'codeigniter_db', 3306, '', 0)
#1 /var/www/html/system/Database/BaseConnection.php(392): CodeIgniter\Database\MySQLi\Connection->connect(false)
#2 /var/www/html/system/Database/BaseConnection.php(575): CodeIgniter\Database\BaseConnection->initialize()
#3 /var/www/html/app/Controllers/Home.php(17): CodeIgniter\Database\BaseConnection->query('select * from s...')
#4 /var/www/html/system/CodeIgniter.php(942): App\Controllers\Home->index()
#5 /var/www/html/system/CodeIgniter.php(502): CodeIgniter\CodeIgniter->runController(Object(App\Controllers\Home))
#6 /var/www/html/system/CodeIgniter.php(361): CodeIgniter\CodeIgniter->handleRequest(NULL, Object(Config\Cache), false)
#7 /var/www/html/public/index.php(79): CodeIgniter\CodeIgniter->run()
#8 {main}

Next CodeIgniter\Database\Exceptions\DatabaseException: No such file or directory in /var/www/html/system/Database/MySQLi/Connection.php:229
Stack trace:
#0 /var/www/html/system/Database/BaseConnection.php(392): CodeIgniter\Database\MySQLi\Connection->connect(false)
#1 /var/www/html/system/Database/BaseConnection.php(575): CodeIgniter\Database\BaseConnection->initialize()
#2 /var/www/html/app/Controllers/Home.php(17): CodeIgniter\Database\BaseConnection->query('select * from s...')
#3 /var/www/html/system/CodeIgniter.php(942): App\Controllers\Home->index()
#4 /var/www/html/system/CodeIgniter.php(502): CodeIgniter\CodeIgniter->runController(Object(App\Controllers\Home))
#5 /var/www/html/system/CodeIgniter.php(361): CodeIgniter\CodeIgniter->handleRequest(NULL, Object(Config\Cache), false)
#6 /var/www/html/public/index.php(79): CodeIgniter\CodeIgniter->run()
#7 {main}
CRITICAL - 2023-12-27 13:02:44 --> Unable to connect to the database.
Main connection [MySQLi]: No such file or directory
in SYSTEMPATH/Database/BaseConnection.php on line 428.
 1 SYSTEMPATH/Database/BaseConnection.php(575): CodeIgniter\Database\BaseConnection->initialize()
 2 APPPATH/Controllers/Home.php(17): CodeIgniter\Database\BaseConnection->query('select * from student')
 3 SYSTEMPATH/CodeIgniter.php(942): App\Controllers\Home->index()
 4 SYSTEMPATH/CodeIgniter.php(502): CodeIgniter\CodeIgniter->runController(Object(App\Controllers\Home))
 5 SYSTEMPATH/CodeIgniter.php(361): CodeIgniter\CodeIgniter->handleRequest(null, Object(Config\Cache), false)
 6 FCPATH/index.php(79): CodeIgniter\CodeIgniter->run()
ERROR - 2023-12-27 13:06:40 --> Error connecting to the database: mysqli_sql_exception: No such file or directory in /var/www/html/system/Database/MySQLi/Connection.php:185
Stack trace:
#0 /var/www/html/system/Database/MySQLi/Connection.php(185): mysqli->real_connect('localhost', 'root', 'cod31gn1t3', 'codeigniter_db', 3306, '', 0)
#1 /var/www/html/system/Database/BaseConnection.php(392): CodeIgniter\Database\MySQLi\Connection->connect(false)
#2 /var/www/html/system/Database/BaseConnection.php(575): CodeIgniter\Database\BaseConnection->initialize()
#3 /var/www/html/app/Controllers/Home.php(17): CodeIgniter\Database\BaseConnection->query('select * from s...')
#4 /var/www/html/system/CodeIgniter.php(942): App\Controllers\Home->index()
#5 /var/www/html/system/CodeIgniter.php(502): CodeIgniter\CodeIgniter->runController(Object(App\Controllers\Home))
#6 /var/www/html/system/CodeIgniter.php(361): CodeIgniter\CodeIgniter->handleRequest(NULL, Object(Config\Cache), false)
#7 /var/www/html/public/index.php(79): CodeIgniter\CodeIgniter->run()
#8 {main}

Next CodeIgniter\Database\Exceptions\DatabaseException: No such file or directory in /var/www/html/system/Database/MySQLi/Connection.php:229
Stack trace:
#0 /var/www/html/system/Database/BaseConnection.php(392): CodeIgniter\Database\MySQLi\Connection->connect(false)
#1 /var/www/html/system/Database/BaseConnection.php(575): CodeIgniter\Database\BaseConnection->initialize()
#2 /var/www/html/app/Controllers/Home.php(17): CodeIgniter\Database\BaseConnection->query('select * from s...')
#3 /var/www/html/system/CodeIgniter.php(942): App\Controllers\Home->index()
#4 /var/www/html/system/CodeIgniter.php(502): CodeIgniter\CodeIgniter->runController(Object(App\Controllers\Home))
#5 /var/www/html/system/CodeIgniter.php(361): CodeIgniter\CodeIgniter->handleRequest(NULL, Object(Config\Cache), false)
#6 /var/www/html/public/index.php(79): CodeIgniter\CodeIgniter->run()
#7 {main}
CRITICAL - 2023-12-27 13:06:40 --> Unable to connect to the database.
Main connection [MySQLi]: No such file or directory
in SYSTEMPATH/Database/BaseConnection.php on line 428.
 1 SYSTEMPATH/Database/BaseConnection.php(575): CodeIgniter\Database\BaseConnection->initialize()
 2 APPPATH/Controllers/Home.php(17): CodeIgniter\Database\BaseConnection->query('select * from student')
 3 SYSTEMPATH/CodeIgniter.php(942): App\Controllers\Home->index()
 4 SYSTEMPATH/CodeIgniter.php(502): CodeIgniter\CodeIgniter->runController(Object(App\Controllers\Home))
 5 SYSTEMPATH/CodeIgniter.php(361): CodeIgniter\CodeIgniter->handleRequest(null, Object(Config\Cache), false)
 6 FCPATH/index.php(79): CodeIgniter\CodeIgniter->run()
ERROR - 2023-12-27 13:12:22 --> Error connecting to the database: mysqli_sql_exception: No such file or directory in /var/www/html/system/Database/MySQLi/Connection.php:185
Stack trace:
#0 /var/www/html/system/Database/MySQLi/Connection.php(185): mysqli->real_connect('localhost', 'root', 'cod31gn1t3', 'codeigniter_db', 3306, '', 0)
#1 /var/www/html/system/Database/BaseConnection.php(392): CodeIgniter\Database\MySQLi\Connection->connect(false)
#2 /var/www/html/system/Database/BaseConnection.php(575): CodeIgniter\Database\BaseConnection->initialize()
#3 /var/www/html/app/Controllers/Home.php(17): CodeIgniter\Database\BaseConnection->query('select * from s...')
#4 /var/www/html/system/CodeIgniter.php(942): App\Controllers\Home->index()
#5 /var/www/html/system/CodeIgniter.php(502): CodeIgniter\CodeIgniter->runController(Object(App\Controllers\Home))
#6 /var/www/html/system/CodeIgniter.php(361): CodeIgniter\CodeIgniter->handleRequest(NULL, Object(Config\Cache), false)
#7 /var/www/html/public/index.php(79): CodeIgniter\CodeIgniter->run()
#8 {main}

Next CodeIgniter\Database\Exceptions\DatabaseException: No such file or directory in /var/www/html/system/Database/MySQLi/Connection.php:229
Stack trace:
#0 /var/www/html/system/Database/BaseConnection.php(392): CodeIgniter\Database\MySQLi\Connection->connect(false)
#1 /var/www/html/system/Database/BaseConnection.php(575): CodeIgniter\Database\BaseConnection->initialize()
#2 /var/www/html/app/Controllers/Home.php(17): CodeIgniter\Database\BaseConnection->query('select * from s...')
#3 /var/www/html/system/CodeIgniter.php(942): App\Controllers\Home->index()
#4 /var/www/html/system/CodeIgniter.php(502): CodeIgniter\CodeIgniter->runController(Object(App\Controllers\Home))
#5 /var/www/html/system/CodeIgniter.php(361): CodeIgniter\CodeIgniter->handleRequest(NULL, Object(Config\Cache), false)
#6 /var/www/html/public/index.php(79): CodeIgniter\CodeIgniter->run()
#7 {main}
CRITICAL - 2023-12-27 13:12:22 --> Unable to connect to the database.
Main connection [MySQLi]: No such file or directory
in SYSTEMPATH/Database/BaseConnection.php on line 428.
 1 SYSTEMPATH/Database/BaseConnection.php(575): CodeIgniter\Database\BaseConnection->initialize()
 2 APPPATH/Controllers/Home.php(17): CodeIgniter\Database\BaseConnection->query('select * from student')
 3 SYSTEMPATH/CodeIgniter.php(942): App\Controllers\Home->index()
 4 SYSTEMPATH/CodeIgniter.php(502): CodeIgniter\CodeIgniter->runController(Object(App\Controllers\Home))
 5 SYSTEMPATH/CodeIgniter.php(361): CodeIgniter\CodeIgniter->handleRequest(null, Object(Config\Cache), false)
 6 FCPATH/index.php(79): CodeIgniter\CodeIgniter->run()
ERROR - 2023-12-27 13:14:45 --> Error connecting to the database: mysqli_sql_exception: No such file or directory in /var/www/html/system/Database/MySQLi/Connection.php:185
Stack trace:
#0 /var/www/html/system/Database/MySQLi/Connection.php(185): mysqli->real_connect('localhost', 'root', 'cod31gn1t3', 'codeigniter_db', 3306, '', 0)
#1 /var/www/html/system/Database/BaseConnection.php(392): CodeIgniter\Database\MySQLi\Connection->connect(false)
#2 /var/www/html/system/Database/BaseConnection.php(575): CodeIgniter\Database\BaseConnection->initialize()
#3 /var/www/html/app/Controllers/Home.php(17): CodeIgniter\Database\BaseConnection->query('select * from s...')
#4 /var/www/html/system/CodeIgniter.php(942): App\Controllers\Home->index()
#5 /var/www/html/system/CodeIgniter.php(502): CodeIgniter\CodeIgniter->runController(Object(App\Controllers\Home))
#6 /var/www/html/system/CodeIgniter.php(361): CodeIgniter\CodeIgniter->handleRequest(NULL, Object(Config\Cache), false)
#7 /var/www/html/public/index.php(79): CodeIgniter\CodeIgniter->run()
#8 {main}

Next CodeIgniter\Database\Exceptions\DatabaseException: No such file or directory in /var/www/html/system/Database/MySQLi/Connection.php:229
Stack trace:
#0 /var/www/html/system/Database/BaseConnection.php(392): CodeIgniter\Database\MySQLi\Connection->connect(false)
#1 /var/www/html/system/Database/BaseConnection.php(575): CodeIgniter\Database\BaseConnection->initialize()
#2 /var/www/html/app/Controllers/Home.php(17): CodeIgniter\Database\BaseConnection->query('select * from s...')
#3 /var/www/html/system/CodeIgniter.php(942): App\Controllers\Home->index()
#4 /var/www/html/system/CodeIgniter.php(502): CodeIgniter\CodeIgniter->runController(Object(App\Controllers\Home))
#5 /var/www/html/system/CodeIgniter.php(361): CodeIgniter\CodeIgniter->handleRequest(NULL, Object(Config\Cache), false)
#6 /var/www/html/public/index.php(79): CodeIgniter\CodeIgniter->run()
#7 {main}
CRITICAL - 2023-12-27 13:14:45 --> Unable to connect to the database.
Main connection [MySQLi]: No such file or directory
in SYSTEMPATH/Database/BaseConnection.php on line 428.
 1 SYSTEMPATH/Database/BaseConnection.php(575): CodeIgniter\Database\BaseConnection->initialize()
 2 APPPATH/Controllers/Home.php(17): CodeIgniter\Database\BaseConnection->query('select * from student')
 3 SYSTEMPATH/CodeIgniter.php(942): App\Controllers\Home->index()
 4 SYSTEMPATH/CodeIgniter.php(502): CodeIgniter\CodeIgniter->runController(Object(App\Controllers\Home))
 5 SYSTEMPATH/CodeIgniter.php(361): CodeIgniter\CodeIgniter->handleRequest(null, Object(Config\Cache), false)
 6 FCPATH/index.php(79): CodeIgniter\CodeIgniter->run()
ERROR - 2023-12-27 13:16:32 --> Error connecting to the database: mysqli_sql_exception: No such file or directory in /var/www/html/system/Database/MySQLi/Connection.php:185
Stack trace:
#0 /var/www/html/system/Database/MySQLi/Connection.php(185): mysqli->real_connect('localhost', 'root', 'cod31gn1t3', 'codeigniter_db', 3306, '', 0)
#1 /var/www/html/system/Database/BaseConnection.php(392): CodeIgniter\Database\MySQLi\Connection->connect(false)
#2 /var/www/html/system/Database/BaseConnection.php(575): CodeIgniter\Database\BaseConnection->initialize()
#3 /var/www/html/app/Controllers/Home.php(17): CodeIgniter\Database\BaseConnection->query('select * from s...')
#4 /var/www/html/system/CodeIgniter.php(942): App\Controllers\Home->index()
#5 /var/www/html/system/CodeIgniter.php(502): CodeIgniter\CodeIgniter->runController(Object(App\Controllers\Home))
#6 /var/www/html/system/CodeIgniter.php(361): CodeIgniter\CodeIgniter->handleRequest(NULL, Object(Config\Cache), false)
#7 /var/www/html/public/index.php(79): CodeIgniter\CodeIgniter->run()
#8 {main}

Next CodeIgniter\Database\Exceptions\DatabaseException: No such file or directory in /var/www/html/system/Database/MySQLi/Connection.php:229
Stack trace:
#0 /var/www/html/system/Database/BaseConnection.php(392): CodeIgniter\Database\MySQLi\Connection->connect(false)
#1 /var/www/html/system/Database/BaseConnection.php(575): CodeIgniter\Database\BaseConnection->initialize()
#2 /var/www/html/app/Controllers/Home.php(17): CodeIgniter\Database\BaseConnection->query('select * from s...')
#3 /var/www/html/system/CodeIgniter.php(942): App\Controllers\Home->index()
#4 /var/www/html/system/CodeIgniter.php(502): CodeIgniter\CodeIgniter->runController(Object(App\Controllers\Home))
#5 /var/www/html/system/CodeIgniter.php(361): CodeIgniter\CodeIgniter->handleRequest(NULL, Object(Config\Cache), false)
#6 /var/www/html/public/index.php(79): CodeIgniter\CodeIgniter->run()
#7 {main}
CRITICAL - 2023-12-27 13:16:32 --> Unable to connect to the database.
Main connection [MySQLi]: No such file or directory
in SYSTEMPATH/Database/BaseConnection.php on line 428.
 1 SYSTEMPATH/Database/BaseConnection.php(575): CodeIgniter\Database\BaseConnection->initialize()
 2 APPPATH/Controllers/Home.php(17): CodeIgniter\Database\BaseConnection->query('select * from student')
 3 SYSTEMPATH/CodeIgniter.php(942): App\Controllers\Home->index()
 4 SYSTEMPATH/CodeIgniter.php(502): CodeIgniter\CodeIgniter->runController(Object(App\Controllers\Home))
 5 SYSTEMPATH/CodeIgniter.php(361): CodeIgniter\CodeIgniter->handleRequest(null, Object(Config\Cache), false)
 6 FCPATH/index.php(79): CodeIgniter\CodeIgniter->run()
ERROR - 2023-12-27 13:20:28 --> Error connecting to the database: mysqli_sql_exception: No such file or directory in /var/www/html/system/Database/MySQLi/Connection.php:185
Stack trace:
#0 /var/www/html/system/Database/MySQLi/Connection.php(185): mysqli->real_connect('localhost', 'root', 'cod31gn1t3', 'codeigniter_db', 3306, '', 0)
#1 /var/www/html/system/Database/BaseConnection.php(392): CodeIgniter\Database\MySQLi\Connection->connect(false)
#2 /var/www/html/system/Database/BaseConnection.php(575): CodeIgniter\Database\BaseConnection->initialize()
#3 /var/www/html/app/Controllers/Home.php(17): CodeIgniter\Database\BaseConnection->query('select * from s...')
#4 /var/www/html/system/CodeIgniter.php(942): App\Controllers\Home->index()
#5 /var/www/html/system/CodeIgniter.php(502): CodeIgniter\CodeIgniter->runController(Object(App\Controllers\Home))
#6 /var/www/html/system/CodeIgniter.php(361): CodeIgniter\CodeIgniter->handleRequest(NULL, Object(Config\Cache), false)
#7 /var/www/html/public/index.php(79): CodeIgniter\CodeIgniter->run()
#8 {main}

Next CodeIgniter\Database\Exceptions\DatabaseException: No such file or directory in /var/www/html/system/Database/MySQLi/Connection.php:229
Stack trace:
#0 /var/www/html/system/Database/BaseConnection.php(392): CodeIgniter\Database\MySQLi\Connection->connect(false)
#1 /var/www/html/system/Database/BaseConnection.php(575): CodeIgniter\Database\BaseConnection->initialize()
#2 /var/www/html/app/Controllers/Home.php(17): CodeIgniter\Database\BaseConnection->query('select * from s...')
#3 /var/www/html/system/CodeIgniter.php(942): App\Controllers\Home->index()
#4 /var/www/html/system/CodeIgniter.php(502): CodeIgniter\CodeIgniter->runController(Object(App\Controllers\Home))
#5 /var/www/html/system/CodeIgniter.php(361): CodeIgniter\CodeIgniter->handleRequest(NULL, Object(Config\Cache), false)
#6 /var/www/html/public/index.php(79): CodeIgniter\CodeIgniter->run()
#7 {main}
CRITICAL - 2023-12-27 13:20:28 --> Unable to connect to the database.
Main connection [MySQLi]: No such file or directory
in SYSTEMPATH/Database/BaseConnection.php on line 428.
 1 SYSTEMPATH/Database/BaseConnection.php(575): CodeIgniter\Database\BaseConnection->initialize()
 2 APPPATH/Controllers/Home.php(17): CodeIgniter\Database\BaseConnection->query('select * from student')
 3 SYSTEMPATH/CodeIgniter.php(942): App\Controllers\Home->index()
 4 SYSTEMPATH/CodeIgniter.php(502): CodeIgniter\CodeIgniter->runController(Object(App\Controllers\Home))
 5 SYSTEMPATH/CodeIgniter.php(361): CodeIgniter\CodeIgniter->handleRequest(null, Object(Config\Cache), false)
 6 FCPATH/index.php(79): CodeIgniter\CodeIgniter->run()
ERROR - 2023-12-27 13:21:03 --> mysqli_sql_exception: Table 'codeigniter_db.student' doesn't exist in /var/www/html/system/Database/MySQLi/Connection.php:306
Stack trace:
#0 /var/www/html/system/Database/MySQLi/Connection.php(306): mysqli->query('select * from s...', 0)
#1 /var/www/html/system/Database/BaseConnection.php(693): CodeIgniter\Database\MySQLi\Connection->execute('select * from s...')
#2 /var/www/html/system/Database/BaseConnection.php(607): CodeIgniter\Database\BaseConnection->simpleQuery('select * from s...')
#3 /var/www/html/app/Controllers/Home.php(17): CodeIgniter\Database\BaseConnection->query('select * from s...')
#4 /var/www/html/system/CodeIgniter.php(942): App\Controllers\Home->index()
#5 /var/www/html/system/CodeIgniter.php(502): CodeIgniter\CodeIgniter->runController(Object(App\Controllers\Home))
#6 /var/www/html/system/CodeIgniter.php(361): CodeIgniter\CodeIgniter->handleRequest(NULL, Object(Config\Cache), false)
#7 /var/www/html/public/index.php(79): CodeIgniter\CodeIgniter->run()
#8 {main}
CRITICAL - 2023-12-27 13:21:03 --> Table 'codeigniter_db.student' doesn't exist
in SYSTEMPATH/Database/BaseConnection.php on line 647.
 1 APPPATH/Controllers/Home.php(17): CodeIgniter\Database\BaseConnection->query('select * from student')
 2 SYSTEMPATH/CodeIgniter.php(942): App\Controllers\Home->index()
 3 SYSTEMPATH/CodeIgniter.php(502): CodeIgniter\CodeIgniter->runController(Object(App\Controllers\Home))
 4 SYSTEMPATH/CodeIgniter.php(361): CodeIgniter\CodeIgniter->handleRequest(null, Object(Config\Cache), false)
 5 FCPATH/index.php(79): CodeIgniter\CodeIgniter->run()
CRITICAL - 2023-12-27 13:22:57 --> Undefined variable: result
in APPPATH/Controllers/Home.php on line 18.
 1 APPPATH/Controllers/Home.php(18): CodeIgniter\Debug\Exceptions->errorHandler(8, 'Undefined variable: result', '/var/www/html/app/Controllers/Home.php', 18, [...])
 2 SYSTEMPATH/CodeIgniter.php(942): App\Controllers\Home->index()
 3 SYSTEMPATH/CodeIgniter.php(502): CodeIgniter\CodeIgniter->runController(Object(App\Controllers\Home))
 4 SYSTEMPATH/CodeIgniter.php(361): CodeIgniter\CodeIgniter->handleRequest(null, Object(Config\Cache), false)
 5 FCPATH/index.php(79): CodeIgniter\CodeIgniter->run()
CRITICAL - 2023-12-27 13:23:21 --> Undefined index: result
in APPPATH/Controllers/Home.php on line 18.
 1 APPPATH/Controllers/Home.php(18): CodeIgniter\Debug\Exceptions->errorHandler(8, 'Undefined index: result', '/var/www/html/app/Controllers/Home.php', 18, [...])
 2 SYSTEMPATH/CodeIgniter.php(942): App\Controllers\Home->index()
 3 SYSTEMPATH/CodeIgniter.php(502): CodeIgniter\CodeIgniter->runController(Object(App\Controllers\Home))
 4 SYSTEMPATH/CodeIgniter.php(361): CodeIgniter\CodeIgniter->handleRequest(null, Object(Config\Cache), false)
 5 FCPATH/index.php(79): CodeIgniter\CodeIgniter->run()
ERROR - 2023-12-27 13:47:07 --> mysqli_sql_exception: Table 'codeigniter_db.student' doesn't exist in /var/www/html/system/Database/MySQLi/Connection.php:306
Stack trace:
#0 /var/www/html/system/Database/MySQLi/Connection.php(306): mysqli->query('SELECT *\nFROM `...', 0)
#1 /var/www/html/system/Database/BaseConnection.php(693): CodeIgniter\Database\MySQLi\Connection->execute('SELECT *\nFROM `...')
#2 /var/www/html/system/Database/BaseConnection.php(607): CodeIgniter\Database\BaseConnection->simpleQuery('SELECT *\nFROM `...')
#3 /var/www/html/system/Database/BaseBuilder.php(1615): CodeIgniter\Database\BaseConnection->query('SELECT *\nFROM `...', Array, false)
#4 /var/www/html/system/Model.php(237): CodeIgniter\Database\BaseBuilder->get()
#5 /var/www/html/system/BaseModel.php(624): CodeIgniter\Model->doFindAll(0, 0)
#6 /var/www/html/app/Controllers/Home.php(11): CodeIgniter\BaseModel->findAll()
#7 /var/www/html/system/CodeIgniter.php(942): App\Controllers\Home->index()
#8 /var/www/html/system/CodeIgniter.php(502): CodeIgniter\CodeIgniter->runController(Object(App\Controllers\Home))
#9 /var/www/html/system/CodeIgniter.php(361): CodeIgniter\CodeIgniter->handleRequest(NULL, Object(Config\Cache), false)
#10 /var/www/html/public/index.php(79): CodeIgniter\CodeIgniter->run()
#11 {main}
CRITICAL - 2023-12-27 13:47:07 --> Table 'codeigniter_db.student' doesn't exist
in SYSTEMPATH/Database/BaseConnection.php on line 647.
 1 SYSTEMPATH/Database/BaseBuilder.php(1615): CodeIgniter\Database\BaseConnection->query('SELECT *
FROM `student`', [], false)
 2 SYSTEMPATH/Model.php(237): CodeIgniter\Database\BaseBuilder->get()
 3 SYSTEMPATH/BaseModel.php(624): CodeIgniter\Model->doFindAll(0, 0)
 4 APPPATH/Controllers/Home.php(11): CodeIgniter\BaseModel->findAll()
 5 SYSTEMPATH/CodeIgniter.php(942): App\Controllers\Home->index()
 6 SYSTEMPATH/CodeIgniter.php(502): CodeIgniter\CodeIgniter->runController(Object(App\Controllers\Home))
 7 SYSTEMPATH/CodeIgniter.php(361): CodeIgniter\CodeIgniter->handleRequest(null, Object(Config\Cache), false)
 8 FCPATH/index.php(79): CodeIgniter\CodeIgniter->run()
